Using pre-set license
Built from '2021.3/staging' branch; Version is '2021.3.15f1 (e8e88683f834) revision 15263878'; Using compiler version '192829333'; Build Type 'Release'
OS: 'Windows 10  (10.0.19045) 64bit Core' Language: 'en' Physical Memory: 8043 MB
BatchMode: 1, IsHumanControllingUs: 0, StartBugReporterOnCrash: 0, Is64bit: 1, IsPro: 1

COMMAND LINE ARGUMENTS:
C:\Program Files\Unity 2021.3.15f1\Editor\Unity.exe
-adb2
-batchMode
-noUpm
-name
AssetImportWorker1
-projectPath
C:/Proiect Unity/ProiectMotorAle3
-logFile
Logs/AssetImportWorker1.log
-srvPort
52565
Successfully changed project path to: C:/Proiect Unity/ProiectMotorAle3
C:/Proiect Unity/ProiectMotorAle3
[UnityMemory] Configuration Parameters - Can be set up in boot.config
    "memorysetup-bucket-allocator-granularity=16"
    "memorysetup-bucket-allocator-bucket-count=8"
    "memorysetup-bucket-allocator-block-size=33554432"
    "memorysetup-bucket-allocator-block-count=8"
    "memorysetup-main-allocator-block-size=16777216"
    "memorysetup-thread-allocator-block-size=16777216"
    "memorysetup-gfx-main-allocator-block-size=16777216"
    "memorysetup-gfx-thread-allocator-block-size=16777216"
    "memorysetup-cache-allocator-block-size=4194304"
    "memorysetup-typetree-allocator-block-size=2097152"
    "memorysetup-profiler-bucket-allocator-granularity=16"
    "memorysetup-profiler-bucket-allocator-bucket-count=8"
    "memorysetup-profiler-bucket-allocator-block-size=33554432"
    "memorysetup-profiler-bucket-allocator-block-count=8"
    "memorysetup-profiler-allocator-block-size=16777216"
    "memorysetup-profiler-editor-allocator-block-size=1048576"
    "memorysetup-temp-allocator-size-main=16777216"
    "memorysetup-job-temp-allocator-block-size=2097152"
    "memorysetup-job-temp-allocator-block-size-background=1048576"
    "memorysetup-job-temp-allocator-reduction-small-platforms=262144"
    "memorysetup-temp-allocator-size-background-worker=32768"
    "memorysetup-temp-allocator-size-job-worker=262144"
    "memorysetup-temp-allocator-size-preload-manager=33554432"
    "memorysetup-temp-allocator-size-nav-mesh-worker=65536"
    "memorysetup-temp-allocator-size-audio-worker=65536"
    "memorysetup-temp-allocator-size-cloud-worker=32768"
    "memorysetup-temp-allocator-size-gi-baking-worker=262144"
    "memorysetup-temp-allocator-size-gfx=262144"
Player connection [19728] Host "[IP] 192.168.100.27 [Port] 0 [Flags] 2 [Guid] 688604177 [EditorId] 688604177 [Version] 1048832 [Id] WindowsEditor(7,LAPTOP-ERGTQACD) [Debug] 1 [PackageName] WindowsEditor [ProjectName] Editor" joined multi-casting on [225.0.0.222:54997]...

Player connection [19728] Host "[IP] 192.168.100.27 [Port] 0 [Flags] 2 [Guid] 688604177 [EditorId] 688604177 [Version] 1048832 [Id] WindowsEditor(7,LAPTOP-ERGTQACD) [Debug] 1 [PackageName] WindowsEditor [ProjectName] Editor" joined alternative multi-casting on [225.0.0.222:34997]...

Refreshing native plugins compatible for Editor in 261.55 ms, found 13 plugins.
Preloading 0 native plugins for Editor in 0.00 ms.
Initialize engine version: 2021.3.15f1 (e8e88683f834)
[Subsystems] Discovering subsystems at path C:/Program Files/Unity 2021.3.15f1/Editor/Data/Resources/UnitySubsystems
[Subsystems] Discovering subsystems at path C:/Proiect Unity/ProiectMotorAle3/Assets
GfxDevice: creating device client; threaded=0; jobified=0
Direct3D:
    Version:  Direct3D 11.0 [level 11.1]
    Renderer: Intel(R) UHD Graphics 620 (ID=0x3ea0)
    Vendor:   Intel
    VRAM:     4021 MB
    Driver:   27.20.100.8681
Initialize mono
Mono path[0] = 'C:/Program Files/Unity 2021.3.15f1/Editor/Data/Managed'
Mono path[1] = 'C:/Program Files/Unity 2021.3.15f1/Editor/Data/MonoBleedingEdge/lib/mono/unityjit-win32'
Mono config path = 'C:/Program Files/Unity 2021.3.15f1/Editor/Data/MonoBleedingEdge/etc'
Using monoOptions --debugger-agent=transport=dt_socket,embedding=1,server=y,suspend=n,address=127.0.0.1:56524
Begin MonoManager ReloadAssembly
Registering precompiled unity dll's ...
Register platform support module: C:/Program Files/Unity 2021.3.15f1/Editor/Data/PlaybackEngines/WindowsStandaloneSupport/UnityEditor.WindowsStandalone.Extensions.dll
Register platform support module: C:/Program Files/Unity 2021.3.15f1/Editor/Data/PlaybackEngines/MetroSupport/UnityEditor.UWP.Extensions.dll
Registered in 0.009318 seconds.
Native extension for UWP target not found
Native extension for WindowsStandalone target not found
Refreshing native plugins compatible for Editor in 223.14 ms, found 13 plugins.
Preloading 0 native plugins for Editor in 0.00 ms.
Mono: successfully reloaded assembly
- Completed reload, in  1.266 seconds
Domain Reload Profiling:
	ReloadAssembly (1267ms)
		BeginReloadAssembly (150ms)
			ExecutionOrderSort (0ms)
			DisableScriptedObjects (0ms)
			BackupInstance (0ms)
			ReleaseScriptingObjects (0ms)
			CreateAndSetChildDomain (1ms)
		EndReloadAssembly (887ms)
			LoadAssemblies (149ms)
			RebuildTransferFunctionScriptingTraits (0ms)
			SetupTypeCache (199ms)
			ReleaseScriptCaches (0ms)
			RebuildScriptCaches (42ms)
			SetupLoadedEditorAssemblies (537ms)
				LogAssemblyErrors (0ms)
				InitializePlatformSupportModulesInManaged (11ms)
				SetLoadedEditorAssemblies (0ms)
				RefreshPlugins (223ms)
				BeforeProcessingInitializeOnLoad (2ms)
				ProcessInitializeOnLoadAttributes (223ms)
				ProcessInitializeOnLoadMethodAttributes (76ms)
				AfterProcessingInitializeOnLoad (0ms)
				EditorAssembliesLoaded (0ms)
			ExecutionOrderSort2 (0ms)
			AwakeInstancesAfterBackupRestoration (0ms)
Platform modules already initialized, skipping
Registering precompiled user dll's ...
Registered in 0.019838 seconds.
Begin MonoManager ReloadAssembly
Native extension for UWP target not found
Native extension for WindowsStandalone target not found
Refreshing native plugins compatible for Editor in 275.93 ms, found 13 plugins.
Preloading 0 native plugins for Editor in 0.00 ms.
Package Manager log level set to [2]
Mono: successfully reloaded assembly
- Completed reload, in  4.095 seconds
Domain Reload Profiling:
	ReloadAssembly (4097ms)
		BeginReloadAssembly (195ms)
			ExecutionOrderSort (0ms)
			DisableScriptedObjects (8ms)
			BackupInstance (0ms)
			ReleaseScriptingObjects (0ms)
			CreateAndSetChildDomain (25ms)
		EndReloadAssembly (3693ms)
			LoadAssemblies (329ms)
			RebuildTransferFunctionScriptingTraits (0ms)
			SetupTypeCache (604ms)
			ReleaseScriptCaches (2ms)
			RebuildScriptCaches (150ms)
			SetupLoadedEditorAssemblies (2506ms)
				LogAssemblyErrors (0ms)
				InitializePlatformSupportModulesInManaged (13ms)
				SetLoadedEditorAssemblies (0ms)
				RefreshPlugins (276ms)
				BeforeProcessingInitializeOnLoad (424ms)
				ProcessInitializeOnLoadAttributes (1609ms)
				ProcessInitializeOnLoadMethodAttributes (150ms)
				AfterProcessingInitializeOnLoad (33ms)
				EditorAssembliesLoaded (1ms)
			ExecutionOrderSort2 (0ms)
			AwakeInstancesAfterBackupRestoration (17ms)
Platform modules already initialized, skipping
========================================================================
Worker process is ready to serve import requests
Launched and connected shader compiler UnityShaderCompiler.exe after 0.11 seconds
Refreshing native plugins compatible for Editor in 1.38 ms, found 13 plugins.
Preloading 0 native plugins for Editor in 0.00 ms.
Unloading 5576 Unused Serialized files (Serialized files now loaded: 0)
Unloading 59 unused Assets / (116.8 KB). Loaded Objects now: 6051.
Memory consumption went from 191.8 MB to 191.7 MB.
Total: 6.820200 ms (FindLiveObjects: 0.607700 ms CreateObjectMapping: 0.539700 ms MarkObjects: 5.516400 ms  DeleteObjects: 0.155000 ms)

AssetImportParameters requested are different than current active one (requested -> active):
  custom:video-decoder-ogg-theora: a1e56fd34408186e4bbccfd4996cb3dc -> 
  custom:container-muxer-webm: aa71ff27fc2769a1b78a27578f13a17b -> 
  custom:container-demuxer-webm: 4f35f7cbe854078d1ac9338744f61a02 -> 
  custom:video-encoder-webm-vp8: eb34c28f22e8b96e1ab97ce403110664 -> 
  custom:audio-encoder-webm-vorbis: bf7c407c2cedff20999df2af8eb42d56 -> 
  custom:framework-win-MediaFoundation: 216162199b28c13a410421893ffa2e32 -> 
  custom:container-demuxer-ogg: 62fdf1f143b41e24485cea50d1cbac27 -> 
  custom:video-decoder-webm-vp8: 9c59270c3fd7afecdb556c50c9e8de78 -> 
  custom:audio-decoder-ogg-vorbis: bf7c407c2cedff20999df2af8eb42d56 -> 
========================================================================
Received Import Request.
  Time since last request: 11488.640374 seconds.
  path: Assets/Training table/Table.dae
  artifactKey: Guid(b2bcbad51bc015344895f2331470066a) Importer(815301076,1909f56bfc062723c751e8b465ee728b)
Start importing Assets/Training table/Table.dae using Guid(b2bcbad51bc015344895f2331470066a) Importer(815301076,1909f56bfc062723c751e8b465ee728b)  -> (artifact id: 'a01a3827b82bf1262d3e2c92ff0c7d75') in 0.645439 seconds 
========================================================================
Received Import Request.
  Time since last request: 0.000025 seconds.
  path: Assets/Training table/Table_orig.fbx
  artifactKey: Guid(6d23c9d076c41c747aaf66ce9a678388) Importer(815301076,1909f56bfc062723c751e8b465ee728b)
Start importing Assets/Training table/Table_orig.fbx using Guid(6d23c9d076c41c747aaf66ce9a678388) Importer(815301076,1909f56bfc062723c751e8b465ee728b)  -> (artifact id: 'a6ce44a6c9397d02624ca84c95e67d7b') in 0.079983 seconds 
========================================================================
Received Import Request.
  Time since last request: 101.374719 seconds.
  path: Assets/Toasty Planet Games/Industrial Equipment - Electric Motor/Art/Prefabs/ElectricMotorUnityMaterials/ElectricalCabSmall.prefab
  artifactKey: Guid(7cb8edfa23242b5489a8837529670970) Importer(815301076,1909f56bfc062723c751e8b465ee728b)
Start importing Assets/Toasty Planet Games/Industrial Equipment - Electric Motor/Art/Prefabs/ElectricMotorUnityMaterials/ElectricalCabSmall.prefab using Guid(7cb8edfa23242b5489a8837529670970) Importer(815301076,1909f56bfc062723c751e8b465ee728b)  -> (artifact id: '9a5594e41f3508c9a1016ec12cbfe7bb') in 0.027558 seconds 
========================================================================
Received Import Request.
  Time since last request: 0.000148 seconds.
  path: Assets/Toasty Planet Games/Industrial Equipment - Electric Motor/Art/Prefabs/ElectricMotorUnityMaterials
  artifactKey: Guid(1f35d52f743a4234cac243067751b3bd) Importer(815301076,1909f56bfc062723c751e8b465ee728b)
Start importing Assets/Toasty Planet Games/Industrial Equipment - Electric Motor/Art/Prefabs/ElectricMotorUnityMaterials using Guid(1f35d52f743a4234cac243067751b3bd) Importer(815301076,1909f56bfc062723c751e8b465ee728b)  -> (artifact id: '218955312d5f70b9c79ed012b76069a5') in 0.010641 seconds 
========================================================================
Received Import Request.
  Time since last request: 0.000043 seconds.
  path: Assets/Toasty Planet Games/Industrial Equipment - Electric Motor/Art/Prefabs/ElectricMotorUnityMaterials/ElectricMotorAndCraddle.prefab
  artifactKey: Guid(acf59e8c76bc07849b839d15d8b57d5c) Importer(815301076,1909f56bfc062723c751e8b465ee728b)
Start importing Assets/Toasty Planet Games/Industrial Equipment - Electric Motor/Art/Prefabs/ElectricMotorUnityMaterials/ElectricMotorAndCraddle.prefab using Guid(acf59e8c76bc07849b839d15d8b57d5c) Importer(815301076,1909f56bfc062723c751e8b465ee728b)  -> (artifact id: 'b679b8e5c759ca375dc77fb6b7ddc20e') in 0.259933 seconds 
========================================================================
Received Import Request.
  Time since last request: 0.000069 seconds.
  path: Assets/Toasty Planet Games/Industrial Equipment - Electric Motor/Art/Prefabs/ElectricMotorUnityMaterials/Sproket.prefab
  artifactKey: Guid(cf3d94aeaf55d1648a65730639904e3a) Importer(815301076,1909f56bfc062723c751e8b465ee728b)
Start importing Assets/Toasty Planet Games/Industrial Equipment - Electric Motor/Art/Prefabs/ElectricMotorUnityMaterials/Sproket.prefab using Guid(cf3d94aeaf55d1648a65730639904e3a) Importer(815301076,1909f56bfc062723c751e8b465ee728b)  -> (artifact id: '737ea16475ef4d8ebe9fe2cca004f467') in 0.038599 seconds 
========================================================================
Received Import Request.
  Time since last request: 0.000064 seconds.
  path: Assets/Toasty Planet Games/Industrial Equipment - Electric Motor/Art/Prefabs/ElectricMotorUnityMaterials/ElectricalUtilityBoxNoBase.prefab
  artifactKey: Guid(e2d52c4e1a28f824985a4574a486e4d9) Importer(815301076,1909f56bfc062723c751e8b465ee728b)
Start importing Assets/Toasty Planet Games/Industrial Equipment - Electric Motor/Art/Prefabs/ElectricMotorUnityMaterials/ElectricalUtilityBoxNoBase.prefab using Guid(e2d52c4e1a28f824985a4574a486e4d9) Importer(815301076,1909f56bfc062723c751e8b465ee728b)  -> (artifact id: '7cfe39acf8f680cb4902ed34e100d099') in 0.041209 seconds 
========================================================================
Received Import Request.
  Time since last request: 0.000048 seconds.
  path: Assets/Toasty Planet Games/Industrial Equipment - Electric Motor/Art/Prefabs/ElectricMotorUnityMaterials/Motor.prefab
  artifactKey: Guid(b2e5c4581452eb147945ce461f601e7b) Importer(815301076,1909f56bfc062723c751e8b465ee728b)
Start importing Assets/Toasty Planet Games/Industrial Equipment - Electric Motor/Art/Prefabs/ElectricMotorUnityMaterials/Motor.prefab using Guid(b2e5c4581452eb147945ce461f601e7b) Importer(815301076,1909f56bfc062723c751e8b465ee728b)  -> (artifact id: 'd5e775e15409d7247e8f644aa2bbdaa0') in 0.029087 seconds 
========================================================================
Received Import Request.
  Time since last request: 343.684258 seconds.
  path: Packages/com.microsoft.mixedreality.toolkit.foundation/SDK/StandardAssets/Prefabs/Text/3DTextSelawikBold.prefab
  artifactKey: Guid(f6038dfbe1e1bd14dac07b1405ccda54) Importer(815301076,1909f56bfc062723c751e8b465ee728b)
Start importing Packages/com.microsoft.mixedreality.toolkit.foundation/SDK/StandardAssets/Prefabs/Text/3DTextSelawikBold.prefab using Guid(f6038dfbe1e1bd14dac07b1405ccda54) Importer(815301076,1909f56bfc062723c751e8b465ee728b)  -> (artifact id: '951cef10e88ae9559b879977d74606a7') in 0.007850 seconds 
========================================================================
Received Import Request.
  Time since last request: 0.000027 seconds.
  path: Packages/com.microsoft.mixedreality.toolkit.foundation/SDK/Features/UX/Interactable/Prefabs/ButtonHoloLens1Toggle.prefab
  artifactKey: Guid(4b1ffbebacd36694ebea9fb6d437c68f) Importer(815301076,1909f56bfc062723c751e8b465ee728b)
Start importing Packages/com.microsoft.mixedreality.toolkit.foundation/SDK/Features/UX/Interactable/Prefabs/ButtonHoloLens1Toggle.prefab using Guid(4b1ffbebacd36694ebea9fb6d437c68f) Importer(815301076,1909f56bfc062723c751e8b465ee728b)  -> (artifact id: 'f879b3947403fd5535de746f01a8a1bd') in 0.490771 seconds 
========================================================================
Received Import Request.
  Time since last request: 0.000052 seconds.
  path: Packages/com.microsoft.mixedreality.toolkit.foundation/SDK/Features/UX/Prefabs/Cursors/CursorRotateArrowsHorizontal.prefab
  artifactKey: Guid(dfdf062da9cce5c4ebabe98a14ef5364) Importer(815301076,1909f56bfc062723c751e8b465ee728b)
Start importing Packages/com.microsoft.mixedreality.toolkit.foundation/SDK/Features/UX/Prefabs/Cursors/CursorRotateArrowsHorizontal.prefab using Guid(dfdf062da9cce5c4ebabe98a14ef5364) Importer(815301076,1909f56bfc062723c751e8b465ee728b)  -> (artifact id: 'fea216b059820d5ec4f0a1ea910ebfc4') in 0.102980 seconds 
========================================================================
Received Import Request.
  Time since last request: 0.000081 seconds.
  path: Packages/com.microsoft.mixedreality.toolkit.foundation/SDK/Features/UX/Prefabs/HandCoach/InteractionHint_L.prefab
  artifactKey: Guid(33969ce6b44fe404f9f60e8031eade87) Importer(815301076,1909f56bfc062723c751e8b465ee728b)
Start importing Packages/com.microsoft.mixedreality.toolkit.foundation/SDK/Features/UX/Prefabs/HandCoach/InteractionHint_L.prefab using Guid(33969ce6b44fe404f9f60e8031eade87) Importer(815301076,1909f56bfc062723c751e8b465ee728b)  -> (artifact id: '8f6e228ed084d59864edf30e229db1f3') in 0.321325 seconds 
========================================================================
Received Import Request.
  Time since last request: 0.000136 seconds.
  path: Packages/com.microsoft.mixedreality.toolkit.foundation/SDK/Features/UX/Prefabs/Cursors/DefaultGazeCursor.prefab
  artifactKey: Guid(5b3e2856904e43c680f84f326861032a) Importer(815301076,1909f56bfc062723c751e8b465ee728b)
Start importing Packages/com.microsoft.mixedreality.toolkit.foundation/SDK/Features/UX/Prefabs/Cursors/DefaultGazeCursor.prefab using Guid(5b3e2856904e43c680f84f326861032a) Importer(815301076,1909f56bfc062723c751e8b465ee728b)  -> (artifact id: '98634351ec86176195db0d3b6c4b0799') in 0.092208 seconds 
========================================================================
Received Import Request.
  Time since last request: 0.000193 seconds.
  path: Packages/com.microsoft.mixedreality.toolkit.foundation/SDK/Experimental/ServiceManagers/Camera/Prefabs/CameraSystem.prefab
  artifactKey: Guid(8a5d96f565aaee14ca3e07575bb9ce80) Importer(815301076,1909f56bfc062723c751e8b465ee728b)
Start importing Packages/com.microsoft.mixedreality.toolkit.foundation/SDK/Experimental/ServiceManagers/Camera/Prefabs/CameraSystem.prefab using Guid(8a5d96f565aaee14ca3e07575bb9ce80) Importer(815301076,1909f56bfc062723c751e8b465ee728b)  -> (artifact id: '3b86cb4c91621992272aaa99c051b912') in 0.023878 seconds 
========================================================================
Received Import Request.
  Time since last request: 0.000032 seconds.
  path: Packages/com.microsoft.mixedreality.toolkit.foundation/SDK/StandardAssets/Prefabs/Handle_Base.prefab
  artifactKey: Guid(59e23c09211c299469144947f5c1eaae) Importer(815301076,1909f56bfc062723c751e8b465ee728b)
Start importing Packages/com.microsoft.mixedreality.toolkit.foundation/SDK/StandardAssets/Prefabs/Handle_Base.prefab using Guid(59e23c09211c299469144947f5c1eaae) Importer(815301076,1909f56bfc062723c751e8b465ee728b)  -> (artifact id: '061bb3cacc2cd959c387da59f5c26b39') in 0.027148 seconds 
========================================================================
Received Import Request.
  Time since last request: 0.000033 seconds.
  path: Packages/com.microsoft.mixedreality.toolkit.foundation/SDK/Experimental/InteractiveElement/Prefabs/CompressableButton.prefab
  artifactKey: Guid(445915dc8698413468747c2fb539f935) Importer(815301076,1909f56bfc062723c751e8b465ee728b)
Start importing Packages/com.microsoft.mixedreality.toolkit.foundation/SDK/Experimental/InteractiveElement/Prefabs/CompressableButton.prefab using Guid(445915dc8698413468747c2fb539f935) Importer(815301076,1909f56bfc062723c751e8b465ee728b)  -> (artifact id: '2520443a561a9806d58e0c1df0055489') in 0.694551 seconds 
========================================================================
Received Import Request.
  Time since last request: 0.000027 seconds.
  path: Packages/com.microsoft.mixedreality.toolkit.foundation/SDK/Features/UX/Prefabs/Tooltips/Bezier ToolTip.prefab
  artifactKey: Guid(08b79a69f78da1d4aa8e117f1cbd9cef) Importer(815301076,1909f56bfc062723c751e8b465ee728b)
Start importing Packages/com.microsoft.mixedreality.toolkit.foundation/SDK/Features/UX/Prefabs/Tooltips/Bezier ToolTip.prefab using Guid(08b79a69f78da1d4aa8e117f1cbd9cef) Importer(815301076,1909f56bfc062723c751e8b465ee728b)  -> (artifact id: 'a3e9262d42896ace831cc6ca05c11bb8') in 0.129233 seconds 
========================================================================
Received Import Request.
  Time since last request: 0.000161 seconds.
  path: Packages/com.microsoft.mixedreality.toolkit.foundation/SDK/Features/UX/Interactable/Prefabs/ButtonHoloLens1.prefab
  artifactKey: Guid(80cec532ae7b6c1429d0f5494e7dbd8c) Importer(815301076,1909f56bfc062723c751e8b465ee728b)
Start importing Packages/com.microsoft.mixedreality.toolkit.foundation/SDK/Features/UX/Interactable/Prefabs/ButtonHoloLens1.prefab using Guid(80cec532ae7b6c1429d0f5494e7dbd8c) Importer(815301076,1909f56bfc062723c751e8b465ee728b)  -> (artifact id: 'ecc91e1ca46c4cd944acc61c45a96b45') in 0.062794 seconds 
========================================================================
Received Import Request.
  Time since last request: 0.000028 seconds.
  path: Packages/com.microsoft.mixedreality.toolkit.foundation/SDK/Features/UX/Interactable/Prefabs/Button.prefab
  artifactKey: Guid(02c524b22137b5449904f5395141cc73) Importer(815301076,1909f56bfc062723c751e8b465ee728b)
Start importing Packages/com.microsoft.mixedreality.toolkit.foundation/SDK/Features/UX/Interactable/Prefabs/Button.prefab using Guid(02c524b22137b5449904f5395141cc73) Importer(815301076,1909f56bfc062723c751e8b465ee728b)  -> (artifact id: 'b47019e3e24ce09fbe16375e649ff29b') in 0.489159 seconds 
========================================================================
Received Import Request.
  Time since last request: 0.000033 seconds.
  path: Packages/com.microsoft.mixedreality.toolkit.foundation/SDK/StandardAssets/Prefabs/InputSimulationIndicators.prefab
  artifactKey: Guid(9639144363d7b8b45ba926081168805a) Importer(815301076,1909f56bfc062723c751e8b465ee728b)
Start importing Packages/com.microsoft.mixedreality.toolkit.foundation/SDK/StandardAssets/Prefabs/InputSimulationIndicators.prefab using Guid(9639144363d7b8b45ba926081168805a) Importer(815301076,1909f56bfc062723c751e8b465ee728b)  -> (artifact id: '73b0352c8bbe662e0d8d3b01f151e87b') in 0.046028 seconds 
========================================================================
Received Import Request.
  Time since last request: 0.000089 seconds.
  path: Packages/com.microsoft.mixedreality.toolkit.foundation/SDK/Experimental/MixedRealityKeyboard/Prefabs/MRKeyboardInputField_UGUI.prefab
  artifactKey: Guid(6c3c43162542fa74db129b79265e6824) Importer(815301076,1909f56bfc062723c751e8b465ee728b)
Start importing Packages/com.microsoft.mixedreality.toolkit.foundation/SDK/Experimental/MixedRealityKeyboard/Prefabs/MRKeyboardInputField_UGUI.prefab using Guid(6c3c43162542fa74db129b79265e6824) Importer(815301076,1909f56bfc062723c751e8b465ee728b)  -> (artifact id: '378ddda1da256ac7294141106af7a11b') in 0.033685 seconds 
========================================================================
Received Import Request.
  Time since last request: 0.000026 seconds.
  path: Packages/com.microsoft.mixedreality.toolkit.foundation/Providers/Oculus/XRSDK/MRTK-Quest/Prefabs/MRTK-Quest_OVRCameraRig.prefab
  artifactKey: Guid(69a746aa83d0d0e45b4e2d33eab0fff4) Importer(815301076,1909f56bfc062723c751e8b465ee728b)
Start importing Packages/com.microsoft.mixedreality.toolkit.foundation/Providers/Oculus/XRSDK/MRTK-Quest/Prefabs/MRTK-Quest_OVRCameraRig.prefab using Guid(69a746aa83d0d0e45b4e2d33eab0fff4) Importer(815301076,1909f56bfc062723c751e8b465ee728b)  -> (artifact id: 'e4dcaaaddebb43dcd962e2a97659bd70') in 0.015409 seconds 
========================================================================
Received Import Request.
  Time since last request: 0.000028 seconds.
  path: Packages/com.microsoft.mixedreality.toolkit.foundation/SDK/Features/UX/Prefabs/Pointers/MousePointer.prefab
  artifactKey: Guid(31d81f88cf3f71d4b8392ded50df3f05) Importer(815301076,1909f56bfc062723c751e8b465ee728b)
Start importing Packages/com.microsoft.mixedreality.toolkit.foundation/SDK/Features/UX/Prefabs/Pointers/MousePointer.prefab using Guid(31d81f88cf3f71d4b8392ded50df3f05) Importer(815301076,1909f56bfc062723c751e8b465ee728b)  -> (artifact id: 'ffce472fefc0ec9f5d6765fb7f8922b8') in 0.024671 seconds 
========================================================================
Received Import Request.
  Time since last request: 0.000023 seconds.
  path: Packages/com.microsoft.mixedreality.toolkit.foundation/SDK/Features/UX/Prefabs/Cursors/CursorFocus.prefab
  artifactKey: Guid(bd972abbae7e3be4bbcabb327fd4291b) Importer(815301076,1909f56bfc062723c751e8b465ee728b)
Start importing Packages/com.microsoft.mixedreality.toolkit.foundation/SDK/Features/UX/Prefabs/Cursors/CursorFocus.prefab using Guid(bd972abbae7e3be4bbcabb327fd4291b) Importer(815301076,1909f56bfc062723c751e8b465ee728b)  -> (artifact id: 'e4c049101020e3fb637541c501273993') in 0.034439 seconds 
========================================================================
Received Import Request.
  Time since last request: 0.000032 seconds.
  path: Packages/com.microsoft.mixedreality.toolkit.foundation/SDK/Features/UX/Prefabs/Cursors/CursorRest.prefab
  artifactKey: Guid(594ffe039afd6a64dbf45b2a3366a438) Importer(815301076,1909f56bfc062723c751e8b465ee728b)
Start importing Packages/com.microsoft.mixedreality.toolkit.foundation/SDK/Features/UX/Prefabs/Cursors/CursorRest.prefab using Guid(594ffe039afd6a64dbf45b2a3366a438) Importer(815301076,1909f56bfc062723c751e8b465ee728b)  -> (artifact id: '94bc8e70d94ba690b7368d236f168ce6') in 0.035740 seconds 
========================================================================
Received Import Request.
  Time since last request: 0.000033 seconds.
  path: Packages/com.microsoft.mixedreality.toolkit.foundation/SDK/Features/UX/Prefabs/HandCoach/MovingHandCoachRoot_R.prefab
  artifactKey: Guid(5429e029090b9fa4f918623d820583eb) Importer(815301076,1909f56bfc062723c751e8b465ee728b)
Start importing Packages/com.microsoft.mixedreality.toolkit.foundation/SDK/Features/UX/Prefabs/HandCoach/MovingHandCoachRoot_R.prefab using Guid(5429e029090b9fa4f918623d820583eb) Importer(815301076,1909f56bfc062723c751e8b465ee728b)  -> (artifact id: 'ce194f64ce33341c689b867590fbe7d1') in 0.274209 seconds 
========================================================================
Received Import Request.
  Time since last request: 0.000038 seconds.
  path: Packages/com.microsoft.mixedreality.toolkit.foundation/SDK/Features/UX/Interactable/Prefabs/CheckBox.prefab
  artifactKey: Guid(6f89876ff9050224f949c0490969219d) Importer(815301076,1909f56bfc062723c751e8b465ee728b)
Start importing Packages/com.microsoft.mixedreality.toolkit.foundation/SDK/Features/UX/Interactable/Prefabs/CheckBox.prefab using Guid(6f89876ff9050224f949c0490969219d) Importer(815301076,1909f56bfc062723c751e8b465ee728b)  -> (artifact id: '19b93fcde1e17414654b2bd6eb69ad3c') in 0.221182 seconds 
========================================================================
Received Import Request.
  Time since last request: 0.000145 seconds.
  path: Packages/com.microsoft.mixedreality.toolkit.foundation/SDK/StandardAssets/Controllers/ControllerLeft.prefab
  artifactKey: Guid(60b24c9a73f9f5549b32035f8c864cc7) Importer(815301076,1909f56bfc062723c751e8b465ee728b)
Start importing Packages/com.microsoft.mixedreality.toolkit.foundation/SDK/StandardAssets/Controllers/ControllerLeft.prefab using Guid(60b24c9a73f9f5549b32035f8c864cc7) Importer(815301076,1909f56bfc062723c751e8b465ee728b)  -> (artifact id: 'da9087b7c2e7c3d023cd0b716d4c32f2') in 0.680319 seconds 
========================================================================
Received Import Request.
  Time since last request: 0.000046 seconds.
  path: Packages/com.microsoft.mixedreality.toolkit.foundation/SDK/Features/UX/Prefabs/Hands/HandJointSmall.prefab
  artifactKey: Guid(6a3f88d2571cd234a86d95ee5856b9ec) Importer(815301076,1909f56bfc062723c751e8b465ee728b)
Start importing Packages/com.microsoft.mixedreality.toolkit.foundation/SDK/Features/UX/Prefabs/Hands/HandJointSmall.prefab using Guid(6a3f88d2571cd234a86d95ee5856b9ec) Importer(815301076,1909f56bfc062723c751e8b465ee728b)  -> (artifact id: 'd0cc918ab67c9a8d945d840ba9085006') in 0.182204 seconds 
========================================================================
Received Import Request.
  Time since last request: 0.000050 seconds.
  path: Packages/com.microsoft.mixedreality.toolkit.foundation/SDK/Features/UX/Prefabs/Tooltips/Constrained Parabola Tooltip.prefab
  artifactKey: Guid(4e88d209b9ebe8b42a4d4748bd9b7141) Importer(815301076,1909f56bfc062723c751e8b465ee728b)
Start importing Packages/com.microsoft.mixedreality.toolkit.foundation/SDK/Features/UX/Prefabs/Tooltips/Constrained Parabola Tooltip.prefab using Guid(4e88d209b9ebe8b42a4d4748bd9b7141) Importer(815301076,1909f56bfc062723c751e8b465ee728b)  -> (artifact id: '9054e988ae0c7f2dc408a6af5cb8c95d') in 0.101717 seconds 
========================================================================
Received Import Request.
  Time since last request: 0.000030 seconds.
  path: Packages/com.microsoft.mixedreality.toolkit.foundation/SDK/Features/UX/Prefabs/Cursors/CursorMoveArrowsNortheastSouthwest.prefab
  artifactKey: Guid(4a7a428c972d3614ba5cff825c4708c2) Importer(815301076,1909f56bfc062723c751e8b465ee728b)
Start importing Packages/com.microsoft.mixedreality.toolkit.foundation/SDK/Features/UX/Prefabs/Cursors/CursorMoveArrowsNortheastSouthwest.prefab using Guid(4a7a428c972d3614ba5cff825c4708c2) Importer(815301076,1909f56bfc062723c751e8b465ee728b)  -> (artifact id: 'a7cf811b38cc77108d2b2bbb8539a500') in 0.029869 seconds 
========================================================================
Received Import Request.
  Time since last request: 0.000224 seconds.
  path: Packages/com.microsoft.mixedreality.toolkit.foundation/SDK/Experimental/ServiceManagers/Diagnostics/Prefabs/DiagnosticsSystem.prefab
  artifactKey: Guid(6ab4a1f67853aac4e8ff13f26960c2ca) Importer(815301076,1909f56bfc062723c751e8b465ee728b)
Start importing Packages/com.microsoft.mixedreality.toolkit.foundation/SDK/Experimental/ServiceManagers/Diagnostics/Prefabs/DiagnosticsSystem.prefab using Guid(6ab4a1f67853aac4e8ff13f26960c2ca) Importer(815301076,1909f56bfc062723c751e8b465ee728b)  -> (artifact id: '985f9b9299ea4d6bc51321fcb4eb941b') in 0.016813 seconds 
========================================================================
Received Import Request.
  Time since last request: 0.000043 seconds.
  path: Packages/com.microsoft.mixedreality.toolkit.foundation/SDK/StandardAssets/Prefabs/Text/3DTextSelawikSemibold.prefab
  artifactKey: Guid(29877fc622b4aaa46b04a0a7c1cfcdb8) Importer(815301076,1909f56bfc062723c751e8b465ee728b)
Start importing Packages/com.microsoft.mixedreality.toolkit.foundation/SDK/StandardAssets/Prefabs/Text/3DTextSelawikSemibold.prefab using Guid(29877fc622b4aaa46b04a0a7c1cfcdb8) Importer(815301076,1909f56bfc062723c751e8b465ee728b)  -> (artifact id: 'c22d0d5868ff040b6e0f010fb5800320') in 0.012775 seconds 
========================================================================
Received Import Request.
  Time since last request: 0.000061 seconds.
  path: Packages/com.microsoft.mixedreality.toolkit.foundation/SDK/StandardAssets/Controllers/ControllerRight.prefab
  artifactKey: Guid(e2b0df939d55cdc489073d2560b1f871) Importer(815301076,1909f56bfc062723c751e8b465ee728b)
Start importing Packages/com.microsoft.mixedreality.toolkit.foundation/SDK/StandardAssets/Controllers/ControllerRight.prefab using Guid(e2b0df939d55cdc489073d2560b1f871) Importer(815301076,1909f56bfc062723c751e8b465ee728b)  -> (artifact id: '1c3243bb1aab2882239ee6b904ad6617') in 0.626602 seconds 
========================================================================
Received Import Request.
  Time since last request: 0.000037 seconds.
  path: Packages/com.microsoft.mixedreality.toolkit.foundation/SDK/Experimental/MixedRealityKeyboardPreview/Prefabs/MixedRealityKeyboardPreview.prefab
  artifactKey: Guid(3a1a906d65a695048aa9dcd5216dbecd) Importer(815301076,1909f56bfc062723c751e8b465ee728b)
Start importing Packages/com.microsoft.mixedreality.toolkit.foundation/SDK/Experimental/MixedRealityKeyboardPreview/Prefabs/MixedRealityKeyboardPreview.prefab using Guid(3a1a906d65a695048aa9dcd5216dbecd) Importer(815301076,1909f56bfc062723c751e8b465ee728b)  -> (artifact id: '0c07696059aaf4e488a9ee4c17ddbea8') in 0.835068 seconds 
========================================================================
Received Import Request.
  Time since last request: 0.000045 seconds.
  path: Packages/com.microsoft.mixedreality.toolkit.foundation/SDK/Features/UX/Prefabs/Tooltips/LabelOnlyTooltip.prefab
  artifactKey: Guid(247dc8aebe30ca2408e8293a883c75df) Importer(815301076,1909f56bfc062723c751e8b465ee728b)
Start importing Packages/com.microsoft.mixedreality.toolkit.foundation/SDK/Features/UX/Prefabs/Tooltips/LabelOnlyTooltip.prefab using Guid(247dc8aebe30ca2408e8293a883c75df) Importer(815301076,1909f56bfc062723c751e8b465ee728b)  -> (artifact id: '56e2b3a4d36eda442ee7abe56bd8f67f') in 0.058880 seconds 
========================================================================
Received Import Request.
  Time since last request: 0.000034 seconds.
  path: Packages/com.microsoft.mixedreality.toolkit.foundation/SDK/Features/UX/Prefabs/Hands/HandJoint.prefab
  artifactKey: Guid(a0842b2d2ca469847b09a969426bb48e) Importer(815301076,1909f56bfc062723c751e8b465ee728b)
Start importing Packages/com.microsoft.mixedreality.toolkit.foundation/SDK/Features/UX/Prefabs/Hands/HandJoint.prefab using Guid(a0842b2d2ca469847b09a969426bb48e) Importer(815301076,1909f56bfc062723c751e8b465ee728b)  -> (artifact id: '69944af0d99609e0e1c71e10a4ded882') in 0.212151 seconds 
========================================================================
Received Import Request.
  Time since last request: 0.000143 seconds.
  path: Packages/com.microsoft.mixedreality.toolkit.foundation/SDK/Experimental/MixedRealityKeyboard/Prefabs/MRKeyboardInputField_TMP.prefab
  artifactKey: Guid(4daceed0c4c3c09468897226b8717688) Importer(815301076,1909f56bfc062723c751e8b465ee728b)
Start importing Packages/com.microsoft.mixedreality.toolkit.foundation/SDK/Experimental/MixedRealityKeyboard/Prefabs/MRKeyboardInputField_TMP.prefab using Guid(4daceed0c4c3c09468897226b8717688) Importer(815301076,1909f56bfc062723c751e8b465ee728b)  -> (artifact id: 'c4faa3728757a00197bc3ca7dbfe4616') in 0.087761 seconds 
========================================================================
Received Prepare
Registering precompiled user dll's ...
Registered in 0.021662 seconds.
Begin MonoManager ReloadAssembly
Native extension for UWP target not found
Native extension for WindowsStandalone target not found
Refreshing native plugins compatible for Editor in 2.21 ms, found 13 plugins.
Preloading 0 native plugins for Editor in 0.00 ms.
Mono: successfully reloaded assembly
- Completed reload, in  2.690 seconds
Domain Reload Profiling:
	ReloadAssembly (2693ms)
		BeginReloadAssembly (311ms)
			ExecutionOrderSort (0ms)
			DisableScriptedObjects (7ms)
			BackupInstance (0ms)
			ReleaseScriptingObjects (0ms)
			CreateAndSetChildDomain (116ms)
		EndReloadAssembly (2218ms)
			LoadAssemblies (182ms)
			RebuildTransferFunctionScriptingTraits (0ms)
			SetupTypeCache (545ms)
			ReleaseScriptCaches (2ms)
			RebuildScriptCaches (82ms)
			SetupLoadedEditorAssemblies (1266ms)
				LogAssemblyErrors (0ms)
				InitializePlatformSupportModulesInManaged (22ms)
				SetLoadedEditorAssemblies (1ms)
				RefreshPlugins (2ms)
				BeforeProcessingInitializeOnLoad (161ms)
				ProcessInitializeOnLoadAttributes (921ms)
				ProcessInitializeOnLoadMethodAttributes (141ms)
				AfterProcessingInitializeOnLoad (18ms)
				EditorAssembliesLoaded (0ms)
			ExecutionOrderSort2 (0ms)
			AwakeInstancesAfterBackupRestoration (14ms)
Platform modules already initialized, skipping
Refreshing native plugins compatible for Editor in 14.19 ms, found 13 plugins.
Preloading 0 native plugins for Editor in 0.00 ms.
Unloading 5526 Unused Serialized files (Serialized files now loaded: 0)
Unloading 51 unused Assets / (83.1 KB). Loaded Objects now: 6107.
Memory consumption went from 206.2 MB to 206.1 MB.
Total: 7.665700 ms (FindLiveObjects: 0.744600 ms CreateObjectMapping: 0.577600 ms MarkObjects: 6.151200 ms  DeleteObjects: 0.190700 ms)

AssetImportParameters requested are different than current active one (requested -> active):
  custom:video-decoder-ogg-theora: a1e56fd34408186e4bbccfd4996cb3dc -> 
  custom:container-muxer-webm: aa71ff27fc2769a1b78a27578f13a17b -> 
  custom:container-demuxer-webm: 4f35f7cbe854078d1ac9338744f61a02 -> 
  custom:video-encoder-webm-vp8: eb34c28f22e8b96e1ab97ce403110664 -> 
  custom:audio-encoder-webm-vorbis: bf7c407c2cedff20999df2af8eb42d56 -> 
  custom:framework-win-MediaFoundation: 216162199b28c13a410421893ffa2e32 -> 
  custom:container-demuxer-ogg: 62fdf1f143b41e24485cea50d1cbac27 -> 
  custom:video-decoder-webm-vp8: 9c59270c3fd7afecdb556c50c9e8de78 -> 
  custom:audio-decoder-ogg-vorbis: bf7c407c2cedff20999df2af8eb42d56 -> 
========================================================================
Received Prepare
Registering precompiled user dll's ...
Registered in 0.023324 seconds.
Begin MonoManager ReloadAssembly
Native extension for UWP target not found
Native extension for WindowsStandalone target not found
Refreshing native plugins compatible for Editor in 2.17 ms, found 13 plugins.
Preloading 0 native plugins for Editor in 0.00 ms.
Mono: successfully reloaded assembly
- Completed reload, in  2.446 seconds
Domain Reload Profiling:
	ReloadAssembly (2447ms)
		BeginReloadAssembly (242ms)
			ExecutionOrderSort (0ms)
			DisableScriptedObjects (9ms)
			BackupInstance (0ms)
			ReleaseScriptingObjects (0ms)
			CreateAndSetChildDomain (65ms)
		EndReloadAssembly (2027ms)
			LoadAssemblies (181ms)
			RebuildTransferFunctionScriptingTraits (0ms)
			SetupTypeCache (548ms)
			ReleaseScriptCaches (2ms)
			RebuildScriptCaches (77ms)
			SetupLoadedEditorAssemblies (1102ms)
				LogAssemblyErrors (0ms)
				InitializePlatformSupportModulesInManaged (20ms)
				SetLoadedEditorAssemblies (1ms)
				RefreshPlugins (2ms)
				BeforeProcessingInitializeOnLoad (174ms)
				ProcessInitializeOnLoadAttributes (824ms)
				ProcessInitializeOnLoadMethodAttributes (70ms)
				AfterProcessingInitializeOnLoad (11ms)
				EditorAssembliesLoaded (0ms)
			ExecutionOrderSort2 (0ms)
			AwakeInstancesAfterBackupRestoration (10ms)
Platform modules already initialized, skipping
Refreshing native plugins compatible for Editor in 9.82 ms, found 13 plugins.
Preloading 0 native plugins for Editor in 0.00 ms.
Unloading 5526 Unused Serialized files (Serialized files now loaded: 0)
Unloading 49 unused Assets / (81.3 KB). Loaded Objects now: 6111.
Memory consumption went from 206.2 MB to 206.1 MB.
Total: 4.629900 ms (FindLiveObjects: 0.454200 ms CreateObjectMapping: 0.424500 ms MarkObjects: 3.627900 ms  DeleteObjects: 0.122100 ms)

AssetImportParameters requested are different than current active one (requested -> active):
  custom:video-decoder-ogg-theora: a1e56fd34408186e4bbccfd4996cb3dc -> 
  custom:container-muxer-webm: aa71ff27fc2769a1b78a27578f13a17b -> 
  custom:container-demuxer-webm: 4f35f7cbe854078d1ac9338744f61a02 -> 
  custom:video-encoder-webm-vp8: eb34c28f22e8b96e1ab97ce403110664 -> 
  custom:audio-encoder-webm-vorbis: bf7c407c2cedff20999df2af8eb42d56 -> 
  custom:framework-win-MediaFoundation: 216162199b28c13a410421893ffa2e32 -> 
  custom:container-demuxer-ogg: 62fdf1f143b41e24485cea50d1cbac27 -> 
  custom:video-decoder-webm-vp8: 9c59270c3fd7afecdb556c50c9e8de78 -> 
  custom:audio-decoder-ogg-vorbis: bf7c407c2cedff20999df2af8eb42d56 -> 
========================================================================
Received Import Request.
  Time since last request: 612.722452 seconds.
  path: Assets/Scripts/NewBehaviourScript.cs
  artifactKey: Guid(af36f0da4753427489522d56c511d6d4) Importer(815301076,1909f56bfc062723c751e8b465ee728b)
Start importing Assets/Scripts/NewBehaviourScript.cs using Guid(af36f0da4753427489522d56c511d6d4) Importer(815301076,1909f56bfc062723c751e8b465ee728b)  -> (artifact id: '444da84036ec01b200ef4a99e9bcbe50') in 0.014893 seconds 
========================================================================
Received Prepare
Registering precompiled user dll's ...
Registered in 0.034779 seconds.
Begin MonoManager ReloadAssembly
Native extension for UWP target not found
Native extension for WindowsStandalone target not found
Refreshing native plugins compatible for Editor in 2.01 ms, found 13 plugins.
Preloading 0 native plugins for Editor in 0.00 ms.
Mono: successfully reloaded assembly
- Completed reload, in  2.334 seconds
Domain Reload Profiling:
	ReloadAssembly (2335ms)
		BeginReloadAssembly (206ms)
			ExecutionOrderSort (0ms)
			DisableScriptedObjects (5ms)
			BackupInstance (0ms)
			ReleaseScriptingObjects (0ms)
			CreateAndSetChildDomain (59ms)
		EndReloadAssembly (1943ms)
			LoadAssemblies (159ms)
			RebuildTransferFunctionScriptingTraits (0ms)
			SetupTypeCache (528ms)
			ReleaseScriptCaches (2ms)
			RebuildScriptCaches (77ms)
			SetupLoadedEditorAssemblies (1040ms)
				LogAssemblyErrors (0ms)
				InitializePlatformSupportModulesInManaged (20ms)
				SetLoadedEditorAssemblies (1ms)
				RefreshPlugins (2ms)
				BeforeProcessingInitializeOnLoad (170ms)
				ProcessInitializeOnLoadAttributes (763ms)
				ProcessInitializeOnLoadMethodAttributes (70ms)
				AfterProcessingInitializeOnLoad (14ms)
				EditorAssembliesLoaded (0ms)
			ExecutionOrderSort2 (0ms)
			AwakeInstancesAfterBackupRestoration (12ms)
Platform modules already initialized, skipping
Refreshing native plugins compatible for Editor in 7.28 ms, found 13 plugins.
Preloading 0 native plugins for Editor in 0.00 ms.
Unloading 5526 Unused Serialized files (Serialized files now loaded: 0)
Unloading 49 unused Assets / (81.7 KB). Loaded Objects now: 6115.
Memory consumption went from 206.2 MB to 206.1 MB.
Total: 4.875000 ms (FindLiveObjects: 0.467600 ms CreateObjectMapping: 0.375100 ms MarkObjects: 3.923500 ms  DeleteObjects: 0.107700 ms)

AssetImportParameters requested are different than current active one (requested -> active):
  custom:video-decoder-ogg-theora: a1e56fd34408186e4bbccfd4996cb3dc -> 
  custom:container-muxer-webm: aa71ff27fc2769a1b78a27578f13a17b -> 
  custom:container-demuxer-webm: 4f35f7cbe854078d1ac9338744f61a02 -> 
  custom:video-encoder-webm-vp8: eb34c28f22e8b96e1ab97ce403110664 -> 
  custom:audio-encoder-webm-vorbis: bf7c407c2cedff20999df2af8eb42d56 -> 
  custom:framework-win-MediaFoundation: 216162199b28c13a410421893ffa2e32 -> 
  custom:container-demuxer-ogg: 62fdf1f143b41e24485cea50d1cbac27 -> 
  custom:video-decoder-webm-vp8: 9c59270c3fd7afecdb556c50c9e8de78 -> 
  custom:audio-decoder-ogg-vorbis: bf7c407c2cedff20999df2af8eb42d56 -> 
========================================================================
Received Prepare
Registering precompiled user dll's ...
Registered in 0.033963 seconds.
Begin MonoManager ReloadAssembly
Native extension for UWP target not found
Native extension for WindowsStandalone target not found
Refreshing native plugins compatible for Editor in 3.04 ms, found 13 plugins.
Preloading 0 native plugins for Editor in 0.00 ms.
Mono: successfully reloaded assembly
- Completed reload, in  2.398 seconds
Domain Reload Profiling:
	ReloadAssembly (2398ms)
		BeginReloadAssembly (234ms)
			ExecutionOrderSort (0ms)
			DisableScriptedObjects (10ms)
			BackupInstance (0ms)
			ReleaseScriptingObjects (0ms)
			CreateAndSetChildDomain (62ms)
		EndReloadAssembly (1987ms)
			LoadAssemblies (168ms)
			RebuildTransferFunctionScriptingTraits (0ms)
			SetupTypeCache (530ms)
			ReleaseScriptCaches (2ms)
			RebuildScriptCaches (88ms)
			SetupLoadedEditorAssemblies (1081ms)
				LogAssemblyErrors (0ms)
				InitializePlatformSupportModulesInManaged (18ms)
				SetLoadedEditorAssemblies (1ms)
				RefreshPlugins (3ms)
				BeforeProcessingInitializeOnLoad (161ms)
				ProcessInitializeOnLoadAttributes (820ms)
				ProcessInitializeOnLoadMethodAttributes (68ms)
				AfterProcessingInitializeOnLoad (10ms)
				EditorAssembliesLoaded (0ms)
			ExecutionOrderSort2 (0ms)
			AwakeInstancesAfterBackupRestoration (8ms)
Platform modules already initialized, skipping
Refreshing native plugins compatible for Editor in 13.38 ms, found 13 plugins.
Preloading 0 native plugins for Editor in 0.00 ms.
Unloading 5527 Unused Serialized files (Serialized files now loaded: 0)
Unloading 49 unused Assets / (81.4 KB). Loaded Objects now: 6120.
Memory consumption went from 206.2 MB to 206.2 MB.
Total: 4.927600 ms (FindLiveObjects: 0.491600 ms CreateObjectMapping: 0.422700 ms MarkObjects: 3.863200 ms  DeleteObjects: 0.148900 ms)

AssetImportParameters requested are different than current active one (requested -> active):
  custom:video-decoder-ogg-theora: a1e56fd34408186e4bbccfd4996cb3dc -> 
  custom:container-muxer-webm: aa71ff27fc2769a1b78a27578f13a17b -> 
  custom:container-demuxer-webm: 4f35f7cbe854078d1ac9338744f61a02 -> 
  custom:video-encoder-webm-vp8: eb34c28f22e8b96e1ab97ce403110664 -> 
  custom:audio-encoder-webm-vorbis: bf7c407c2cedff20999df2af8eb42d56 -> 
  custom:framework-win-MediaFoundation: 216162199b28c13a410421893ffa2e32 -> 
  custom:container-demuxer-ogg: 62fdf1f143b41e24485cea50d1cbac27 -> 
  custom:video-decoder-webm-vp8: 9c59270c3fd7afecdb556c50c9e8de78 -> 
  custom:audio-decoder-ogg-vorbis: bf7c407c2cedff20999df2af8eb42d56 -> 
========================================================================
Received Prepare
Registering precompiled user dll's ...
Registered in 0.026676 seconds.
Begin MonoManager ReloadAssembly
Native extension for UWP target not found
Native extension for WindowsStandalone target not found
Refreshing native plugins compatible for Editor in 1.66 ms, found 13 plugins.
Preloading 0 native plugins for Editor in 0.00 ms.
Mono: successfully reloaded assembly
- Completed reload, in  2.626 seconds
Domain Reload Profiling:
	ReloadAssembly (2627ms)
		BeginReloadAssembly (234ms)
			ExecutionOrderSort (0ms)
			DisableScriptedObjects (6ms)
			BackupInstance (0ms)
			ReleaseScriptingObjects (0ms)
			CreateAndSetChildDomain (68ms)
		EndReloadAssembly (2213ms)
			LoadAssemblies (184ms)
			RebuildTransferFunctionScriptingTraits (0ms)
			SetupTypeCache (582ms)
			ReleaseScriptCaches (2ms)
			RebuildScriptCaches (78ms)
			SetupLoadedEditorAssemblies (1218ms)
				LogAssemblyErrors (0ms)
				InitializePlatformSupportModulesInManaged (25ms)
				SetLoadedEditorAssemblies (1ms)
				RefreshPlugins (2ms)
				BeforeProcessingInitializeOnLoad (188ms)
				ProcessInitializeOnLoadAttributes (891ms)
				ProcessInitializeOnLoadMethodAttributes (96ms)
				AfterProcessingInitializeOnLoad (15ms)
				EditorAssembliesLoaded (0ms)
			ExecutionOrderSort2 (0ms)
			AwakeInstancesAfterBackupRestoration (12ms)
Platform modules already initialized, skipping
Refreshing native plugins compatible for Editor in 9.92 ms, found 13 plugins.
Preloading 0 native plugins for Editor in 0.00 ms.
Unloading 5527 Unused Serialized files (Serialized files now loaded: 0)
Unloading 49 unused Assets / (81.4 KB). Loaded Objects now: 6124.
Memory consumption went from 206.3 MB to 206.2 MB.
Total: 6.012400 ms (FindLiveObjects: 0.554000 ms CreateObjectMapping: 0.488100 ms MarkObjects: 4.515900 ms  DeleteObjects: 0.452800 ms)

AssetImportParameters requested are different than current active one (requested -> active):
  custom:video-decoder-ogg-theora: a1e56fd34408186e4bbccfd4996cb3dc -> 
  custom:container-muxer-webm: aa71ff27fc2769a1b78a27578f13a17b -> 
  custom:container-demuxer-webm: 4f35f7cbe854078d1ac9338744f61a02 -> 
  custom:video-encoder-webm-vp8: eb34c28f22e8b96e1ab97ce403110664 -> 
  custom:audio-encoder-webm-vorbis: bf7c407c2cedff20999df2af8eb42d56 -> 
  custom:framework-win-MediaFoundation: 216162199b28c13a410421893ffa2e32 -> 
  custom:container-demuxer-ogg: 62fdf1f143b41e24485cea50d1cbac27 -> 
  custom:video-decoder-webm-vp8: 9c59270c3fd7afecdb556c50c9e8de78 -> 
  custom:audio-decoder-ogg-vorbis: bf7c407c2cedff20999df2af8eb42d56 -> 
========================================================================
Received Import Request.
  Time since last request: 102.214047 seconds.
  path: Assets/Scripts/UrlOpener.cs
  artifactKey: Guid(deaa90ea386441a47b067a1d23290238) Importer(815301076,1909f56bfc062723c751e8b465ee728b)
Start importing Assets/Scripts/UrlOpener.cs using Guid(deaa90ea386441a47b067a1d23290238) Importer(815301076,1909f56bfc062723c751e8b465ee728b)  -> (artifact id: '64c67b73726cdfe2a13f0e58880ce9c9') in 0.016367 seconds 
========================================================================
Received Prepare
Registering precompiled user dll's ...
Registered in 0.018600 seconds.
Begin MonoManager ReloadAssembly
Native extension for UWP target not found
Native extension for WindowsStandalone target not found
Refreshing native plugins compatible for Editor in 1.79 ms, found 13 plugins.
Preloading 0 native plugins for Editor in 0.00 ms.
Mono: successfully reloaded assembly
- Completed reload, in  3.261 seconds
Domain Reload Profiling:
	ReloadAssembly (3263ms)
		BeginReloadAssembly (249ms)
			ExecutionOrderSort (0ms)
			DisableScriptedObjects (7ms)
			BackupInstance (0ms)
			ReleaseScriptingObjects (0ms)
			CreateAndSetChildDomain (61ms)
		EndReloadAssembly (2858ms)
			LoadAssemblies (191ms)
			RebuildTransferFunctionScriptingTraits (0ms)
			SetupTypeCache (533ms)
			ReleaseScriptCaches (3ms)
			RebuildScriptCaches (88ms)
			SetupLoadedEditorAssemblies (1894ms)
				LogAssemblyErrors (0ms)
				InitializePlatformSupportModulesInManaged (21ms)
				SetLoadedEditorAssemblies (1ms)
				RefreshPlugins (2ms)
				BeforeProcessingInitializeOnLoad (181ms)
				ProcessInitializeOnLoadAttributes (1499ms)
				ProcessInitializeOnLoadMethodAttributes (162ms)
				AfterProcessingInitializeOnLoad (28ms)
				EditorAssembliesLoaded (1ms)
			ExecutionOrderSort2 (0ms)
			AwakeInstancesAfterBackupRestoration (27ms)
Platform modules already initialized, skipping
Refreshing native plugins compatible for Editor in 25.56 ms, found 13 plugins.
Preloading 0 native plugins for Editor in 0.00 ms.
Unloading 5527 Unused Serialized files (Serialized files now loaded: 0)
Unloading 49 unused Assets / (81.5 KB). Loaded Objects now: 6128.
Memory consumption went from 206.3 MB to 206.2 MB.
Total: 11.574600 ms (FindLiveObjects: 0.817000 ms CreateObjectMapping: 1.892100 ms MarkObjects: 8.622300 ms  DeleteObjects: 0.241200 ms)

AssetImportParameters requested are different than current active one (requested -> active):
  custom:video-decoder-ogg-theora: a1e56fd34408186e4bbccfd4996cb3dc -> 
  custom:container-muxer-webm: aa71ff27fc2769a1b78a27578f13a17b -> 
  custom:container-demuxer-webm: 4f35f7cbe854078d1ac9338744f61a02 -> 
  custom:video-encoder-webm-vp8: eb34c28f22e8b96e1ab97ce403110664 -> 
  custom:audio-encoder-webm-vorbis: bf7c407c2cedff20999df2af8eb42d56 -> 
  custom:framework-win-MediaFoundation: 216162199b28c13a410421893ffa2e32 -> 
  custom:container-demuxer-ogg: 62fdf1f143b41e24485cea50d1cbac27 -> 
  custom:video-decoder-webm-vp8: 9c59270c3fd7afecdb556c50c9e8de78 -> 
  custom:audio-decoder-ogg-vorbis: bf7c407c2cedff20999df2af8eb42d56 -> 
========================================================================
Received Prepare
Registering precompiled user dll's ...
Registered in 0.017679 seconds.
Begin MonoManager ReloadAssembly
Native extension for UWP target not found
Native extension for WindowsStandalone target not found
Refreshing native plugins compatible for Editor in 5.06 ms, found 13 plugins.
Preloading 0 native plugins for Editor in 0.00 ms.
Mono: successfully reloaded assembly
- Completed reload, in  4.732 seconds
Domain Reload Profiling:
	ReloadAssembly (4734ms)
		BeginReloadAssembly (227ms)
			ExecutionOrderSort (0ms)
			DisableScriptedObjects (7ms)
			BackupInstance (0ms)
			ReleaseScriptingObjects (0ms)
			CreateAndSetChildDomain (59ms)
		EndReloadAssembly (4282ms)
			LoadAssemblies (183ms)
			RebuildTransferFunctionScriptingTraits (0ms)
			SetupTypeCache (695ms)
			ReleaseScriptCaches (6ms)
			RebuildScriptCaches (230ms)
			SetupLoadedEditorAssemblies (2754ms)
				LogAssemblyErrors (0ms)
				InitializePlatformSupportModulesInManaged (31ms)
				SetLoadedEditorAssemblies (1ms)
				RefreshPlugins (6ms)
				BeforeProcessingInitializeOnLoad (401ms)
				ProcessInitializeOnLoadAttributes (2115ms)
				ProcessInitializeOnLoadMethodAttributes (173ms)
				AfterProcessingInitializeOnLoad (27ms)
				EditorAssembliesLoaded (1ms)
			ExecutionOrderSort2 (0ms)
			AwakeInstancesAfterBackupRestoration (29ms)
Platform modules already initialized, skipping
Refreshing native plugins compatible for Editor in 26.92 ms, found 13 plugins.
Preloading 0 native plugins for Editor in 0.00 ms.
Unloading 5527 Unused Serialized files (Serialized files now loaded: 0)
Unloading 49 unused Assets / (81.4 KB). Loaded Objects now: 6132.
Memory consumption went from 206.3 MB to 206.2 MB.
Total: 16.809900 ms (FindLiveObjects: 2.006400 ms CreateObjectMapping: 2.934600 ms MarkObjects: 11.461100 ms  DeleteObjects: 0.406000 ms)

AssetImportParameters requested are different than current active one (requested -> active):
  custom:video-decoder-ogg-theora: a1e56fd34408186e4bbccfd4996cb3dc -> 
  custom:container-muxer-webm: aa71ff27fc2769a1b78a27578f13a17b -> 
  custom:container-demuxer-webm: 4f35f7cbe854078d1ac9338744f61a02 -> 
  custom:video-encoder-webm-vp8: eb34c28f22e8b96e1ab97ce403110664 -> 
  custom:audio-encoder-webm-vorbis: bf7c407c2cedff20999df2af8eb42d56 -> 
  custom:framework-win-MediaFoundation: 216162199b28c13a410421893ffa2e32 -> 
  custom:container-demuxer-ogg: 62fdf1f143b41e24485cea50d1cbac27 -> 
  custom:video-decoder-webm-vp8: 9c59270c3fd7afecdb556c50c9e8de78 -> 
  custom:audio-decoder-ogg-vorbis: bf7c407c2cedff20999df2af8eb42d56 -> 
